build/app/intermediates/manifest_merge_blame_file/debug/manifest-merger-blame-debug-report.txt
1<?xml version="1.0" encoding="utf-8"?>
2<manifest xmlns:android="http://schemas.android.com/apk/res/android"
3    package="com.example.imageloader_sample"
4    android:versionCode="1"
5    android:versionName="1.0.0" >
6
7    <uses-sdk
8        android:minSdkVersion="16"
9        android:targetSdkVersion="28" />
10    <!--
11         Flutter needs it to communicate with the running application
12         to allow setting breakpoints, to provide hot reload, etc.
13    -->
14    <uses-permission android:name="android.permission.INTERNET" />
14-->src/debug/AndroidManifest.xml:6:5-66
14-->src/debug/AndroidManifest.xml:6:22-64
15    <!--
16     io.flutter.app.FlutterApplication is an android.app.Application that
17         calls FlutterMain.startInitialization(this); in its onCreate method.
18         In most cases you can leave this as-is, but you if you want to provide
19         additional functionality it is fine to subclass or reimplement
20         FlutterApplication and put your custom class here.
21    -->
22    <uses-permission android:name="android.permission.REQUEST_INSTALL_PACKAGES" />
22-->src/main/AndroidManifest.xml:9:5-83
22-->src/main/AndroidManifest.xml:9:22-80
23    <uses-permission android:name="android.permission.WRITE_EXTERNAL_STORAGE" />
23-->src/main/AndroidManifest.xml:10:5-80
23-->src/main/AndroidManifest.xml:10:22-78
24    <uses-permission android:name="android.permission.READ_EXTERNAL_STORAGE" />
24-->src/main/AndroidManifest.xml:11:5-79
24-->src/main/AndroidManifest.xml:11:22-77
25    <uses-permission android:name="android.permission.WAKE_LOCK" />
25-->[androidx.work:work-runtime:2.1.0] AndroidManifest.xml:25:5-68
25-->[androidx.work:work-runtime:2.1.0] AndroidManifest.xml:25:22-65
26    <uses-permission android:name="android.permission.ACCESS_NETWORK_STATE" />
26-->[androidx.work:work-runtime:2.1.0] AndroidManifest.xml:26:5-79
26-->[androidx.work:work-runtime:2.1.0] AndroidManifest.xml:26:22-76
27    <uses-permission android:name="android.permission.RECEIVE_BOOT_COMPLETED" />
27-->[androidx.work:work-runtime:2.1.0] AndroidManifest.xml:27:5-81
27-->[androidx.work:work-runtime:2.1.0] AndroidManifest.xml:27:22-78
28
29    <application
29-->src/main/AndroidManifest.xml:12:5-59:19
30        android:name="io.flutter.app.FlutterApplication"
30-->src/main/AndroidManifest.xml:13:9-57
31        android:appComponentFactory="androidx.core.app.CoreComponentFactory"
31-->[androidx.core:core:1.1.0-rc02] AndroidManifest.xml:24:18-86
32        android:debuggable="true"
33        android:icon="@mipmap/ic_launcher"
33-->src/main/AndroidManifest.xml:15:9-43
34        android:label="imageloader_sample" >
34-->src/main/AndroidManifest.xml:14:9-43
35        <activity
35-->src/main/AndroidManifest.xml:16:9-34:20
36            android:name="com.example.imageloader_sample.MainActivity"
36-->src/main/AndroidManifest.xml:17:13-41
37            android:configChanges="orientation|keyboardHidden|keyboard|screenSize|locale|layoutDirection|fontScale|screenLayout|density|uiMode"
37-->src/main/AndroidManifest.xml:20:13-144
38            android:hardwareAccelerated="true"
38-->src/main/AndroidManifest.xml:21:13-47
39            android:launchMode="singleTop"
39-->src/main/AndroidManifest.xml:18:13-43
40            android:theme="@style/LaunchTheme"
40-->src/main/AndroidManifest.xml:19:13-47
41            android:windowSoftInputMode="adjustResize" >
41-->src/main/AndroidManifest.xml:22:13-55
42
43            <!--
44                 This keeps the window background of the activity showing
45                 until Flutter renders its first frame. It can be removed if
46                 there is no splash screen (such as the default splash screen
47                 defined in @style/LaunchTheme).
48            -->
49            <meta-data
49-->src/main/AndroidManifest.xml:27:13-29:40
50                android:name="io.flutter.app.android.SplashScreenUntilFirstFrame"
50-->src/main/AndroidManifest.xml:28:17-82
51                android:value="true" />
51-->src/main/AndroidManifest.xml:29:17-37
52
53            <intent-filter>
53-->src/main/AndroidManifest.xml:30:13-33:29
54                <action android:name="android.intent.action.MAIN" />
54-->src/main/AndroidManifest.xml:31:17-68
54-->src/main/AndroidManifest.xml:31:25-66
55
56                <category android:name="android.intent.category.LAUNCHER" />
56-->src/main/AndroidManifest.xml:32:17-76
56-->src/main/AndroidManifest.xml:32:27-74
57            </intent-filter>
58        </activity>
59
60        <provider
61            android:name="vn.hunghd.flutterdownloader.DownloadedFileProvider"
62            android:authorities="com.example.imageloader_sample.flutter_downloader.provider"
63            android:exported="false"
64            android:grantUriPermissions="true" >
65            <meta-data
66                android:name="android.support.FILE_PROVIDER_PATHS"
67                android:resource="@xml/provider_paths" />
68        </provider>
69        <provider
70            android:name="androidx.work.impl.WorkManagerInitializer"
71            android:authorities="com.example.imageloader_sample.workmanager-init"
72            android:directBootAware="false"
72-->[androidx.work:work-runtime:2.1.0] AndroidManifest.xml:33:13-44
73            android:enabled="false"
74            android:exported="false"
75            android:multiprocess="true" />
75-->[androidx.work:work-runtime:2.1.0] AndroidManifest.xml:35:13-40
76        <provider
77            android:name="vn.hunghd.flutterdownloader.FlutterDownloaderInitializer"
78            android:authorities="com.example.imageloader_sample.flutter-downloader-init"
79            android:exported="false" >
80
81            <!-- changes this number to configure the maximum number of concurrent tasks -->
82            <meta-data
83                android:name="vn.hunghd.flutterdownloader.MAX_CONCURRENT_TASKS"
84                android:value="100" />
85        </provider>
86
87        <service
87-->[androidx.work:work-runtime:2.1.0] AndroidManifest.xml:38:9-43:35
88            android:name="androidx.work.impl.background.systemalarm.SystemAlarmService"
88-->[androidx.work:work-runtime:2.1.0] AndroidManifest.xml:39:13-88
89            android:directBootAware="false"
89-->[androidx.work:work-runtime:2.1.0] AndroidManifest.xml:40:13-44
90            android:enabled="@bool/enable_system_alarm_service_default"
90-->[androidx.work:work-runtime:2.1.0] AndroidManifest.xml:41:13-72
91            android:exported="false" />
91-->[androidx.work:work-runtime:2.1.0] AndroidManifest.xml:42:13-37
92        <service
92-->[androidx.work:work-runtime:2.1.0] AndroidManifest.xml:44:9-50:35
93            android:name="androidx.work.impl.background.systemjob.SystemJobService"
93-->[androidx.work:work-runtime:2.1.0] AndroidManifest.xml:45:13-84
94            android:directBootAware="false"
94-->[androidx.work:work-runtime:2.1.0] AndroidManifest.xml:46:13-44
95            android:enabled="@bool/enable_system_job_service_default"
95-->[androidx.work:work-runtime:2.1.0] AndroidManifest.xml:47:13-70
96            android:exported="true"
96-->[androidx.work:work-runtime:2.1.0] AndroidManifest.xml:48:13-36
97            android:permission="android.permission.BIND_JOB_SERVICE" />
97-->[androidx.work:work-runtime:2.1.0] AndroidManifest.xml:49:13-69
98
99        <receiver
99-->[androidx.work:work-runtime:2.1.0] AndroidManifest.xml:52:9-57:35
100            android:name="androidx.work.impl.utils.ForceStopRunnable$BroadcastReceiver"
100-->[androidx.work:work-runtime:2.1.0] AndroidManifest.xml:53:13-88
101            android:directBootAware="false"
101-->[androidx.work:work-runtime:2.1.0] AndroidManifest.xml:54:13-44
102            android:enabled="true"
102-->[androidx.work:work-runtime:2.1.0] AndroidManifest.xml:55:13-35
103            android:exported="false" />
103-->[androidx.work:work-runtime:2.1.0] AndroidManifest.xml:56:13-37
104        <receiver
104-->[androidx.work:work-runtime:2.1.0] AndroidManifest.xml:58:9-68:20
105            android:name="androidx.work.impl.background.systemalarm.ConstraintProxy$BatteryChargingProxy"
105-->[androidx.work:work-runtime:2.1.0] AndroidManifest.xml:59:13-106
106            android:directBootAware="false"
106-->[androidx.work:work-runtime:2.1.0] AndroidManifest.xml:60:13-44
107            android:enabled="false"
107-->[androidx.work:work-runtime:2.1.0] AndroidManifest.xml:61:13-36
108            android:exported="false" >
108-->[androidx.work:work-runtime:2.1.0] AndroidManifest.xml:62:13-37
109            <intent-filter>
109-->[androidx.work:work-runtime:2.1.0] AndroidManifest.xml:64:13-67:29
110                <action android:name="android.intent.action.ACTION_POWER_CONNECTED" />
110-->[androidx.work:work-runtime:2.1.0] AndroidManifest.xml:65:17-87
110-->[androidx.work:work-runtime:2.1.0] AndroidManifest.xml:65:25-84
111                <action android:name="android.intent.action.ACTION_POWER_DISCONNECTED" />
111-->[androidx.work:work-runtime:2.1.0] AndroidManifest.xml:66:17-90
111-->[androidx.work:work-runtime:2.1.0] AndroidManifest.xml:66:25-87
112            </intent-filter>
113        </receiver>
114        <receiver
114-->[androidx.work:work-runtime:2.1.0] AndroidManifest.xml:69:9-79:20
115            android:name="androidx.work.impl.background.systemalarm.ConstraintProxy$BatteryNotLowProxy"
115-->[androidx.work:work-runtime:2.1.0] AndroidManifest.xml:70:13-104
116            android:directBootAware="false"
116-->[androidx.work:work-runtime:2.1.0] AndroidManifest.xml:71:13-44
117            android:enabled="false"
117-->[androidx.work:work-runtime:2.1.0] AndroidManifest.xml:72:13-36
118            android:exported="false" >
118-->[androidx.work:work-runtime:2.1.0] AndroidManifest.xml:73:13-37
119            <intent-filter>
119-->[androidx.work:work-runtime:2.1.0] AndroidManifest.xml:75:13-78:29
120                <action android:name="android.intent.action.BATTERY_OKAY" />
120-->[androidx.work:work-runtime:2.1.0] AndroidManifest.xml:76:17-77
120-->[androidx.work:work-runtime:2.1.0] AndroidManifest.xml:76:25-74
121                <action android:name="android.intent.action.BATTERY_LOW" />
121-->[androidx.work:work-runtime:2.1.0] AndroidManifest.xml:77:17-76
121-->[androidx.work:work-runtime:2.1.0] AndroidManifest.xml:77:25-73
122            </intent-filter>
123        </receiver>
124        <receiver
124-->[androidx.work:work-runtime:2.1.0] AndroidManifest.xml:80:9-90:20
125            android:name="androidx.work.impl.background.systemalarm.ConstraintProxy$StorageNotLowProxy"
125-->[androidx.work:work-runtime:2.1.0] AndroidManifest.xml:81:13-104
126            android:directBootAware="false"
126-->[androidx.work:work-runtime:2.1.0] AndroidManifest.xml:82:13-44
127            android:enabled="false"
127-->[androidx.work:work-runtime:2.1.0] AndroidManifest.xml:83:13-36
128            android:exported="false" >
128-->[androidx.work:work-runtime:2.1.0] AndroidManifest.xml:84:13-37
129            <intent-filter>
129-->[androidx.work:work-runtime:2.1.0] AndroidManifest.xml:86:13-89:29
130                <action android:name="android.intent.action.DEVICE_STORAGE_LOW" />
130-->[androidx.work:work-runtime:2.1.0] AndroidManifest.xml:87:17-83
130-->[androidx.work:work-runtime:2.1.0] AndroidManifest.xml:87:25-80
131                <action android:name="android.intent.action.DEVICE_STORAGE_OK" />
131-->[androidx.work:work-runtime:2.1.0] AndroidManifest.xml:88:17-82
131-->[androidx.work:work-runtime:2.1.0] AndroidManifest.xml:88:25-79
132            </intent-filter>
133        </receiver>
134        <receiver
134-->[androidx.work:work-runtime:2.1.0] AndroidManifest.xml:91:9-100:20
135            android:name="androidx.work.impl.background.systemalarm.ConstraintProxy$NetworkStateProxy"
135-->[androidx.work:work-runtime:2.1.0] AndroidManifest.xml:92:13-103
136            android:directBootAware="false"
136-->[androidx.work:work-runtime:2.1.0] AndroidManifest.xml:93:13-44
137            android:enabled="false"
137-->[androidx.work:work-runtime:2.1.0] AndroidManifest.xml:94:13-36
138            android:exported="false" >
138-->[androidx.work:work-runtime:2.1.0] AndroidManifest.xml:95:13-37
139            <intent-filter>
139-->[androidx.work:work-runtime:2.1.0] AndroidManifest.xml:97:13-99:29
140                <action android:name="android.net.conn.CONNECTIVITY_CHANGE" />
140-->[androidx.work:work-runtime:2.1.0] AndroidManifest.xml:98:17-79
140-->[androidx.work:work-runtime:2.1.0] AndroidManifest.xml:98:25-76
141            </intent-filter>
142        </receiver>
143        <receiver
143-->[androidx.work:work-runtime:2.1.0] AndroidManifest.xml:101:9-112:20
144            android:name="androidx.work.impl.background.systemalarm.RescheduleReceiver"
144-->[androidx.work:work-runtime:2.1.0] AndroidManifest.xml:102:13-88
145            android:directBootAware="false"
145-->[androidx.work:work-runtime:2.1.0] AndroidManifest.xml:103:13-44
146            android:enabled="false"
146-->[androidx.work:work-runtime:2.1.0] AndroidManifest.xml:104:13-36
147            android:exported="false" >
147-->[androidx.work:work-runtime:2.1.0] AndroidManifest.xml:105:13-37
148            <intent-filter>
148-->[androidx.work:work-runtime:2.1.0] AndroidManifest.xml:107:13-111:29
149                <action android:name="android.intent.action.BOOT_COMPLETED" />
149-->[androidx.work:work-runtime:2.1.0] AndroidManifest.xml:108:17-79
149-->[androidx.work:work-runtime:2.1.0] AndroidManifest.xml:108:25-76
150                <action android:name="android.intent.action.TIME_SET" />
150-->[androidx.work:work-runtime:2.1.0] AndroidManifest.xml:109:17-73
150-->[androidx.work:work-runtime:2.1.0] AndroidManifest.xml:109:25-70
151                <action android:name="android.intent.action.TIMEZONE_CHANGED" />
151-->[androidx.work:work-runtime:2.1.0] AndroidManifest.xml:110:17-81
151-->[androidx.work:work-runtime:2.1.0] AndroidManifest.xml:110:25-78
152            </intent-filter>
153        </receiver>
154        <receiver
154-->[androidx.work:work-runtime:2.1.0] AndroidManifest.xml:113:9-122:20
155            android:name="androidx.work.impl.background.systemalarm.ConstraintProxyUpdateReceiver"
155-->[androidx.work:work-runtime:2.1.0] AndroidManifest.xml:114:13-99
156            android:directBootAware="false"
156-->[androidx.work:work-runtime:2.1.0] AndroidManifest.xml:115:13-44
157            android:enabled="@bool/enable_system_alarm_service_default"
157-->[androidx.work:work-runtime:2.1.0] AndroidManifest.xml:116:13-72
158            android:exported="false" >
158-->[androidx.work:work-runtime:2.1.0] AndroidManifest.xml:117:13-37
159            <intent-filter>
159-->[androidx.work:work-runtime:2.1.0] AndroidManifest.xml:119:13-121:29
160                <action android:name="androidx.work.impl.background.systemalarm.UpdateProxies" />
160-->[androidx.work:work-runtime:2.1.0] AndroidManifest.xml:120:17-98
160-->[androidx.work:work-runtime:2.1.0] AndroidManifest.xml:120:25-95
161            </intent-filter>
162        </receiver>
163
164        <service
164-->[androidx.room:room-runtime:2.1.0] AndroidManifest.xml:25:9-27:40
165            android:name="androidx.room.MultiInstanceInvalidationService"
165-->[androidx.room:room-runtime:2.1.0] AndroidManifest.xml:26:13-74
166            android:exported="false" />
166-->[androidx.room:room-runtime:2.1.0] AndroidManifest.xml:27:13-37
167    </application>
168
169</manifest>